2023-04-25 17:36:54.132  INFO 1704 --- [restartedMain] kr.co.gcInside.GcInsideApplication       : Starting GcInsideApplication using Java 17.0.4 on DESKTOP-1FFOQKL with PID 1704 (C:\Users\G\Desktop\workspace\3th_team_project\GCInside\build\classes\java\main started by G in C:\Users\G\Desktop\workspace\3th_team_project)
2023-04-25 17:36:54.137  INFO 1704 --- [restartedMain] kr.co.gcInside.GcInsideApplication       : No active profile set, falling back to 1 default profile: "default"
2023-04-25 17:36:54.184  INFO 1704 --- [restartedMain] .e.DevToolsPropertyDefaultsPostProcessor : Devtools property defaults active! Set 'spring.devtools.add-properties' to 'false' to disable
2023-04-25 17:36:54.184  INFO 1704 --- [restartedMain] .e.DevToolsPropertyDefaultsPostProcessor : For additional web related logging consider setting the 'logging.level.web' property to 'DEBUG'
2023-04-25 17:36:54.833  INFO 1704 --- [restartedMain] .s.d.r.c.RepositoryConfigurationDelegate : Bootstrapping Spring Data JPA repositories in DEFAULT mode.
2023-04-25 17:36:54.883  INFO 1704 --- [restartedMain] .s.d.r.c.RepositoryConfigurationDelegate : Finished Spring Data repository scanning in 41 ms. Found 1 JPA repository interfaces.
2023-04-25 17:36:55.539  INFO 1704 --- [restartedMain] o.s.b.w.embedded.tomcat.TomcatWebServer  : Tomcat initialized with port(s): 8080 (http)
2023-04-25 17:36:55.551  INFO 1704 --- [restartedMain] o.apache.catalina.core.StandardService   : Starting service [Tomcat]
2023-04-25 17:36:55.552  INFO 1704 --- [restartedMain] org.apache.catalina.core.StandardEngine  : Starting Servlet engine: [Apache Tomcat/9.0.71]
2023-04-25 17:36:55.623  INFO 1704 --- [restartedMain] o.a.c.c.C.[.[localhost].[/GCInside]      : Initializing Spring embedded WebApplicationContext
2023-04-25 17:36:55.623  INFO 1704 --- [restartedMain] w.s.c.ServletWebServerApplicationContext : Root WebApplicationContext: initialization completed in 1438 ms
2023-04-25 17:36:55.802  INFO 1704 --- [restartedMain] o.hibernate.jpa.internal.util.LogHelper  : HHH000204: Processing PersistenceUnitInfo [name: default]
2023-04-25 17:36:55.853  INFO 1704 --- [restartedMain] org.hibernate.Version                    : HHH000412: Hibernate ORM core version 5.6.15.Final
2023-04-25 17:36:56.006  INFO 1704 --- [restartedMain] o.hibernate.annotations.common.Version   : HCANN000001: Hibernate Commons Annotations {5.1.2.Final}
2023-04-25 17:36:56.097  INFO 1704 --- [restartedMain] com.zaxxer.hikari.HikariDataSource       : HikariPool-1 - Starting...
2023-04-25 17:36:56.328  INFO 1704 --- [restartedMain] com.zaxxer.hikari.HikariDataSource       : HikariPool-1 - Start completed.
2023-04-25 17:36:56.353  INFO 1704 --- [restartedMain] org.hibernate.dialect.Dialect            : HHH000400: Using dialect: org.hibernate.dialect.MySQL57Dialect
2023-04-25 17:36:57.105  INFO 1704 --- [restartedMain] o.h.e.t.j.p.i.JtaPlatformInitiator       : HHH000490: Using JtaPlatform implementation: [org.hibernate.engine.transaction.jta.platform.internal.NoJtaPlatform]
2023-04-25 17:36:57.112  INFO 1704 --- [restartedMain] j.LocalContainerEntityManagerFactoryBean : Initialized JPA EntityManagerFactory for persistence unit 'default'
2023-04-25 17:36:57.794  INFO 1704 --- [restartedMain] o.s.s.web.DefaultSecurityFilterChain     : Will secure any request with [org.springframework.security.web.session.DisableEncodeUrlFilter@5103fc4, org.springframework.security.web.context.request.async.WebAsyncManagerIntegrationFilter@6e6d9650, org.springframework.security.web.context.SecurityContextPersistenceFilter@7c324c1c, org.springframework.security.web.header.HeaderWriterFilter@81d24b0, org.springframework.security.web.authentication.logout.LogoutFilter@215397e7, org.springframework.security.web.authentication.UsernamePasswordAuthenticationFilter@182e7709, org.springframework.security.web.session.ConcurrentSessionFilter@2b6b5f04, org.springframework.security.web.savedrequest.RequestCacheAwareFilter@671ec1ad, org.springframework.security.web.servletapi.SecurityContextHolderAwareRequestFilter@16440c96, org.springframework.security.web.authentication.AnonymousAuthenticationFilter@e43172d, org.springframework.security.web.session.SessionManagementFilter@40f73201, org.springframework.security.web.access.ExceptionTranslationFilter@510a4803, org.springframework.security.web.access.intercept.FilterSecurityInterceptor@64e36ca]
2023-04-25 17:36:57.863  WARN 1704 --- [restartedMain] JpaBaseConfiguration$JpaWebConfiguration : spring.jpa.open-in-view is enabled by default. Therefore, database queries may be performed during view rendering. Explicitly configure spring.jpa.open-in-view to disable this warning
2023-04-25 17:36:58.011  INFO 1704 --- [restartedMain] o.s.b.a.w.s.WelcomePageHandlerMapping    : Adding welcome page template: index
2023-04-25 17:36:58.293  INFO 1704 --- [restartedMain] o.s.b.d.a.OptionalLiveReloadServer       : LiveReload server is running on port 35729
2023-04-25 17:36:58.335  INFO 1704 --- [restartedMain] o.s.b.w.embedded.tomcat.TomcatWebServer  : Tomcat started on port(s): 8080 (http) with context path '/GCInside'
2023-04-25 17:36:58.345  INFO 1704 --- [restartedMain] kr.co.gcInside.GcInsideApplication       : Started GcInsideApplication in 4.544 seconds (JVM running for 4.977)
2023-04-25 17:43:11.014  INFO 1704 --- [http-nio-8080-exec-1] o.a.c.c.C.[.[localhost].[/GCInside]      : Initializing Spring DispatcherServlet 'dispatcherServlet'
2023-04-25 17:43:11.015  INFO 1704 --- [http-nio-8080-exec-1] o.s.web.servlet.DispatcherServlet        : Initializing Servlet 'dispatcherServlet'
2023-04-25 17:43:11.016  INFO 1704 --- [http-nio-8080-exec-1] o.s.web.servlet.DispatcherServlet        : Completed initialization in 1 ms
